13:57:41.916 INFO - Selenium build info: version: '3.6.0', revision: '6fbf3ec767'
13:57:41.917 INFO - Launching a standalone Selenium Server
2018-04-05 13:57:42.041:INFO::main: Logging initialized @691ms to org.seleniumhq.jetty9.util.log.StdErrLog
13:57:42.262 INFO - Driver class not found: com.opera.core.systems.OperaDriver
13:57:42.370 INFO - Driver provider class org.openqa.selenium.ie.InternetExplorerDriver registration is skipped:
 registration capabilities Capabilities [{ensureCleanSession=true, browserName=internet explorer, version=, platform=WINDOWS}] does not match the current platform MAC
13:57:42.370 INFO - Driver provider class org.openqa.selenium.edge.EdgeDriver registration is skipped:
 registration capabilities Capabilities [{browserName=MicrosoftEdge, version=, platform=WINDOWS}] does not match the current platform MAC
13:57:42.504 INFO - Using the passthrough mode handler
2018-04-05 13:57:42.597:INFO:osjs.Server:main: jetty-9.4.5.v20170502
2018-04-05 13:57:42.654:WARN:osjs.SecurityHandler:main: ServletContext@o.s.j.s.ServletContextHandler@7d20d0b{/,null,STARTING} has uncovered http methods for path: /
2018-04-05 13:57:42.669:INFO:osjsh.ContextHandler:main: Started o.s.j.s.ServletContextHandler@7d20d0b{/,null,AVAILABLE}
2018-04-05 13:57:42.708:INFO:osjs.AbstractConnector:main: Started ServerConnector@609db43b{HTTP/1.1,[http/1.1]}{0.0.0.0:4445}
2018-04-05 13:57:42.709:INFO:osjs.Server:main: Started @1359ms
13:57:42.710 INFO - Selenium Server is up and running
2018-04-05 13:57:43.475:INFO:osjshC.ROOT:qtp1906808037-12: org.openqa.selenium.remote.server.WebDriverServlet-72967906: Initialising WebDriverServlet
13:57:43.553 INFO - Binding default provider to: org.openqa.selenium.chrome.ChromeDriverService
13:57:43.555 INFO - Found handler: org.openqa.selenium.remote.server.commandhandler.BeginSession@2c8a6c63
13:57:43.559 INFO - /session: Executing POST on /session (handler: BeginSession)
13:57:43.654 INFO - Capabilities are: Capabilities {acceptSslCerts=true, name=Tests, browserName=chrome, javascriptEnabled=true, platformName=ANY, platform=ANY, }
13:57:43.655 INFO - Capabilities {acceptSslCerts=true, name=Tests, browserName=chrome, javascriptEnabled=true, platformName=ANY, platform=ANY, } matched class org.openqa.selenium.remote.server.ServicedSession$Factory (provider: org.openqa.selenium.chrome.ChromeDriverService)
13:57:43.655 INFO - Capabilities {acceptSslCerts=true, name=Tests, browserName=chrome, javascriptEnabled=true, platformName=ANY, platform=ANY, } matched class org.openqa.selenium.remote.server.ServicedSession$Factory (provider: org.openqa.selenium.chrome.ChromeDriverService)
Starting ChromeDriver 2.36.540469 (1881fd7f8641508feb5166b7cae561d87723cfa8) on port 10834
Only local connections are allowed.
13:57:46.745 INFO - Found handler: org.openqa.selenium.remote.server.ServicedSession@14ed3c66
13:57:46.746 INFO - Handler thread for session 0187c0bab95ecfd68bb328acc6f95ef3 (chrome): Executing POST on /session/0187c0bab95ecfd68bb328acc6f95ef3/url (handler: ServicedSession)
13:57:46.754 INFO - To upstream: {"url":"https://www.sofi.com"}
13:57:49.136 INFO - To downstream: {"sessionId":"0187c0bab95ecfd68bb328acc6f95ef3","status":0,"value":null}
13:57:49.144 INFO - Found handler: org.openqa.selenium.remote.server.ServicedSession@14ed3c66
13:57:49.145 INFO - Handler thread for session 0187c0bab95ecfd68bb328acc6f95ef3 (chrome): Executing POST on /session/0187c0bab95ecfd68bb328acc6f95ef3/element (handler: ServicedSession)
13:57:49.147 INFO - To upstream: {"using":"css selector","value":"a[class=\"nav__link nav__link--clickable\"]"}
13:57:49.169 INFO - To downstream: {"sessionId":"0187c0bab95ecfd68bb328acc6f95ef3","status":0,"value":{"ELEMENT":"0.6377107332198431-1"}}
13:57:49.176 INFO - Found handler: org.openqa.selenium.remote.server.ServicedSession@14ed3c66
13:57:49.176 INFO - Handler thread for session 0187c0bab95ecfd68bb328acc6f95ef3 (chrome): Executing POST on /session/0187c0bab95ecfd68bb328acc6f95ef3/element/0.6377107332198431-1/click (handler: ServicedSession)
13:57:49.177 INFO - To upstream: 
13:57:50.532 INFO - To downstream: {"sessionId":"0187c0bab95ecfd68bb328acc6f95ef3","status":0,"value":null}
13:57:50.538 INFO - Found handler: org.openqa.selenium.remote.server.ServicedSession@14ed3c66
13:57:50.538 INFO - Handler thread for session 0187c0bab95ecfd68bb328acc6f95ef3 (chrome): Executing POST on /session/0187c0bab95ecfd68bb328acc6f95ef3/element (handler: ServicedSession)
13:57:50.540 INFO - To upstream: {"using":"css selector","value":"#reg-email"}
13:57:50.603 INFO - To downstream: {"sessionId":"0187c0bab95ecfd68bb328acc6f95ef3","status":0,"value":{"ELEMENT":"0.23715604518338984-1"}}
13:57:50.608 INFO - Found handler: org.openqa.selenium.remote.server.ServicedSession@14ed3c66
13:57:50.609 INFO - Handler thread for session 0187c0bab95ecfd68bb328acc6f95ef3 (chrome): Executing POST on /session/0187c0bab95ecfd68bb328acc6f95ef3/element/0.23715604518338984-1/value (handler: ServicedSession)
13:57:50.611 INFO - To upstream: {"value":["j","y","p","s","y","t","e","s","t","i","n","g","@","g","m","a","i","l",".","c","o","m"]}
13:57:50.838 INFO - To downstream: {"sessionId":"0187c0bab95ecfd68bb328acc6f95ef3","status":0,"value":null}
13:57:50.843 INFO - Found handler: org.openqa.selenium.remote.server.ServicedSession@14ed3c66
13:57:50.843 INFO - Handler thread for session 0187c0bab95ecfd68bb328acc6f95ef3 (chrome): Executing POST on /session/0187c0bab95ecfd68bb328acc6f95ef3/element (handler: ServicedSession)
13:57:50.845 INFO - To upstream: {"using":"css selector","value":"#reg-password1"}
13:57:50.861 INFO - To downstream: {"sessionId":"0187c0bab95ecfd68bb328acc6f95ef3","status":0,"value":{"ELEMENT":"0.23715604518338984-2"}}
13:57:50.865 INFO - Found handler: org.openqa.selenium.remote.server.ServicedSession@14ed3c66
13:57:50.865 INFO - Handler thread for session 0187c0bab95ecfd68bb328acc6f95ef3 (chrome): Executing POST on /session/0187c0bab95ecfd68bb328acc6f95ef3/element/0.23715604518338984-2/value (handler: ServicedSession)
13:57:50.867 INFO - To upstream: {"value":["J","u","n","k","e","r","0","0","1","!"]}
13:57:50.954 INFO - To downstream: {"sessionId":"0187c0bab95ecfd68bb328acc6f95ef3","status":0,"value":null}
13:57:50.958 INFO - Found handler: org.openqa.selenium.remote.server.ServicedSession@14ed3c66
13:57:50.958 INFO - Handler thread for session 0187c0bab95ecfd68bb328acc6f95ef3 (chrome): Executing POST on /session/0187c0bab95ecfd68bb328acc6f95ef3/element (handler: ServicedSession)
13:57:50.960 INFO - To upstream: {"using":"css selector","value":"#login-btn"}
13:57:50.975 INFO - To downstream: {"sessionId":"0187c0bab95ecfd68bb328acc6f95ef3","status":0,"value":{"ELEMENT":"0.23715604518338984-3"}}
13:57:50.979 INFO - Found handler: org.openqa.selenium.remote.server.ServicedSession@14ed3c66
13:57:50.980 INFO - Handler thread for session 0187c0bab95ecfd68bb328acc6f95ef3 (chrome): Executing POST on /session/0187c0bab95ecfd68bb328acc6f95ef3/element/0.23715604518338984-3/click (handler: ServicedSession)
13:57:50.982 INFO - To upstream: 
13:57:53.048 INFO - To downstream: {"sessionId":"0187c0bab95ecfd68bb328acc6f95ef3","status":0,"value":null}
13:57:53.059 INFO - Found handler: org.openqa.selenium.remote.server.ServicedSession@14ed3c66
13:57:53.060 INFO - Handler thread for session 0187c0bab95ecfd68bb328acc6f95ef3 (chrome): Executing POST on /session/0187c0bab95ecfd68bb328acc6f95ef3/elements (handler: ServicedSession)
13:57:53.062 INFO - To upstream: {"using":"css selector","value":"a[href=\"https://www.sofi.com/b/landing/start/MORT?isNewApp=true\"]"}
13:57:53.086 INFO - To downstream: {"sessionId":"0187c0bab95ecfd68bb328acc6f95ef3","status":0,"value":[]}
13:57:53.594 INFO - Found handler: org.openqa.selenium.remote.server.ServicedSession@14ed3c66
13:57:53.594 INFO - Handler thread for session 0187c0bab95ecfd68bb328acc6f95ef3 (chrome): Executing POST on /session/0187c0bab95ecfd68bb328acc6f95ef3/elements (handler: ServicedSession)
13:57:53.596 INFO - To upstream: {"using":"css selector","value":"a[href=\"https://www.sofi.com/b/landing/start/MORT?isNewApp=true\"]"}
13:57:53.699 INFO - To downstream: {"sessionId":"0187c0bab95ecfd68bb328acc6f95ef3","status":0,"value":[{"ELEMENT":"0.4774129723914613-1"}]}
13:57:53.708 INFO - Found handler: org.openqa.selenium.remote.server.ServicedSession@14ed3c66
13:57:53.709 INFO - Handler thread for session 0187c0bab95ecfd68bb328acc6f95ef3 (chrome): Executing GET on /session/0187c0bab95ecfd68bb328acc6f95ef3/element/0.4774129723914613-1/displayed (handler: ServicedSession)
13:57:53.752 INFO - To downstream: {"sessionId":"0187c0bab95ecfd68bb328acc6f95ef3","status":0,"value":true}
13:57:53.765 INFO - Found handler: org.openqa.selenium.remote.server.ServicedSession@14ed3c66
13:57:53.766 INFO - Handler thread for session 0187c0bab95ecfd68bb328acc6f95ef3 (chrome): Executing POST on /session/0187c0bab95ecfd68bb328acc6f95ef3/element (handler: ServicedSession)
13:57:53.768 INFO - To upstream: {"using":"css selector","value":"a[href=\"https://www.sofi.com/b/landing/start/MORT?isNewApp=true\"]"}
13:57:53.811 INFO - To downstream: {"sessionId":"0187c0bab95ecfd68bb328acc6f95ef3","status":0,"value":{"ELEMENT":"0.4774129723914613-1"}}
13:57:53.820 INFO - Found handler: org.openqa.selenium.remote.server.ServicedSession@14ed3c66
13:57:53.820 INFO - Handler thread for session 0187c0bab95ecfd68bb328acc6f95ef3 (chrome): Executing POST on /session/0187c0bab95ecfd68bb328acc6f95ef3/element/0.4774129723914613-1/click (handler: ServicedSession)
13:57:53.821 INFO - To upstream: 
13:57:56.229 INFO - To downstream: {"sessionId":"0187c0bab95ecfd68bb328acc6f95ef3","status":0,"value":null}
13:57:56.236 INFO - Found handler: org.openqa.selenium.remote.server.ServicedSession@14ed3c66
13:57:56.237 INFO - Handler thread for session 0187c0bab95ecfd68bb328acc6f95ef3 (chrome): Executing POST on /session/0187c0bab95ecfd68bb328acc6f95ef3/element (handler: ServicedSession)
13:57:56.239 INFO - To upstream: {"using":"css selector","value":"#mortgageType_Refi"}
13:57:56.273 INFO - To downstream: {"sessionId":"0187c0bab95ecfd68bb328acc6f95ef3","status":0,"value":{"ELEMENT":"0.41706512737231893-1"}}
13:57:56.279 INFO - Found handler: org.openqa.selenium.remote.server.ServicedSession@14ed3c66
13:57:56.280 INFO - Handler thread for session 0187c0bab95ecfd68bb328acc6f95ef3 (chrome): Executing POST on /session/0187c0bab95ecfd68bb328acc6f95ef3/element/0.41706512737231893-1/click (handler: ServicedSession)
13:57:56.281 INFO - To upstream: 
13:57:56.425 INFO - To downstream: {"sessionId":"0187c0bab95ecfd68bb328acc6f95ef3","status":0,"value":null}
13:57:56.434 INFO - Found handler: org.openqa.selenium.remote.server.ServicedSession@14ed3c66
13:57:56.434 INFO - Handler thread for session 0187c0bab95ecfd68bb328acc6f95ef3 (chrome): Executing POST on /session/0187c0bab95ecfd68bb328acc6f95ef3/elements (handler: ServicedSession)
13:57:56.437 INFO - To upstream: {"using":"xpath","value":"(//input[@id=\"addr1\"])[2]"}
13:57:56.468 INFO - To downstream: {"sessionId":"0187c0bab95ecfd68bb328acc6f95ef3","status":0,"value":[{"ELEMENT":"0.41706512737231893-2"}]}
13:57:56.473 INFO - Found handler: org.openqa.selenium.remote.server.ServicedSession@14ed3c66
13:57:56.473 INFO - Handler thread for session 0187c0bab95ecfd68bb328acc6f95ef3 (chrome): Executing GET on /session/0187c0bab95ecfd68bb328acc6f95ef3/element/0.41706512737231893-2/displayed (handler: ServicedSession)
13:57:56.504 INFO - To downstream: {"sessionId":"0187c0bab95ecfd68bb328acc6f95ef3","status":0,"value":true}
13:57:56.508 INFO - Found handler: org.openqa.selenium.remote.server.ServicedSession@14ed3c66
13:57:56.509 INFO - Handler thread for session 0187c0bab95ecfd68bb328acc6f95ef3 (chrome): Executing POST on /session/0187c0bab95ecfd68bb328acc6f95ef3/element (handler: ServicedSession)
13:57:56.515 INFO - To upstream: {"using":"xpath","value":"(//input[@id=\"addr1\"])[2]"}
13:57:56.558 INFO - To downstream: {"sessionId":"0187c0bab95ecfd68bb328acc6f95ef3","status":0,"value":{"ELEMENT":"0.41706512737231893-2"}}
13:57:56.568 INFO - Found handler: org.openqa.selenium.remote.server.ServicedSession@14ed3c66
13:57:56.568 INFO - Handler thread for session 0187c0bab95ecfd68bb328acc6f95ef3 (chrome): Executing POST on /session/0187c0bab95ecfd68bb328acc6f95ef3/element/0.41706512737231893-2/value (handler: ServicedSession)
13:57:56.571 INFO - To upstream: {"value":["1","2","3"," ","M","a","i","n"," ","S","t"]}
13:57:56.867 INFO - To downstream: {"sessionId":"0187c0bab95ecfd68bb328acc6f95ef3","status":0,"value":null}
13:57:56.871 INFO - Found handler: org.openqa.selenium.remote.server.ServicedSession@14ed3c66
13:57:56.871 INFO - Handler thread for session 0187c0bab95ecfd68bb328acc6f95ef3 (chrome): Executing POST on /session/0187c0bab95ecfd68bb328acc6f95ef3/element (handler: ServicedSession)
13:57:56.873 INFO - To upstream: {"using":"xpath","value":"(//input[@id=\"addr2\"])[2]"}
13:57:56.889 INFO - To downstream: {"sessionId":"0187c0bab95ecfd68bb328acc6f95ef3","status":0,"value":{"ELEMENT":"0.41706512737231893-3"}}
13:57:56.893 INFO - Found handler: org.openqa.selenium.remote.server.ServicedSession@14ed3c66
13:57:56.893 INFO - Handler thread for session 0187c0bab95ecfd68bb328acc6f95ef3 (chrome): Executing POST on /session/0187c0bab95ecfd68bb328acc6f95ef3/element/0.41706512737231893-3/value (handler: ServicedSession)
13:57:56.895 INFO - To upstream: {"value":["#","2","2","4"]}
13:57:56.996 INFO - To downstream: {"sessionId":"0187c0bab95ecfd68bb328acc6f95ef3","status":0,"value":null}
13:57:57.000 INFO - Found handler: org.openqa.selenium.remote.server.ServicedSession@14ed3c66
13:57:57.000 INFO - Handler thread for session 0187c0bab95ecfd68bb328acc6f95ef3 (chrome): Executing POST on /session/0187c0bab95ecfd68bb328acc6f95ef3/element (handler: ServicedSession)
13:57:57.001 INFO - To upstream: {"using":"xpath","value":"(//input[@id=\"city\"])[2]"}
13:57:57.017 INFO - To downstream: {"sessionId":"0187c0bab95ecfd68bb328acc6f95ef3","status":0,"value":{"ELEMENT":"0.41706512737231893-4"}}
13:57:57.021 INFO - Found handler: org.openqa.selenium.remote.server.ServicedSession@14ed3c66
13:57:57.021 INFO - Handler thread for session 0187c0bab95ecfd68bb328acc6f95ef3 (chrome): Executing POST on /session/0187c0bab95ecfd68bb328acc6f95ef3/element/0.41706512737231893-4/value (handler: ServicedSession)
13:57:57.022 INFO - To upstream: {"value":["S","L","C"]}
13:57:57.112 INFO - To downstream: {"sessionId":"0187c0bab95ecfd68bb328acc6f95ef3","status":0,"value":null}
13:57:57.117 INFO - Found handler: org.openqa.selenium.remote.server.ServicedSession@14ed3c66
13:57:57.117 INFO - Handler thread for session 0187c0bab95ecfd68bb328acc6f95ef3 (chrome): Executing POST on /session/0187c0bab95ecfd68bb328acc6f95ef3/element (handler: ServicedSession)
13:57:57.119 INFO - To upstream: {"using":"xpath","value":"(//input[@id=\"zip\"])[2]"}
13:57:57.135 INFO - To downstream: {"sessionId":"0187c0bab95ecfd68bb328acc6f95ef3","status":0,"value":{"ELEMENT":"0.41706512737231893-5"}}
13:57:57.139 INFO - Found handler: org.openqa.selenium.remote.server.ServicedSession@14ed3c66
13:57:57.139 INFO - Handler thread for session 0187c0bab95ecfd68bb328acc6f95ef3 (chrome): Executing POST on /session/0187c0bab95ecfd68bb328acc6f95ef3/element/0.41706512737231893-5/value (handler: ServicedSession)
13:57:57.140 INFO - To upstream: {"value":["8","4","1","1","1"]}
13:57:57.250 INFO - To downstream: {"sessionId":"0187c0bab95ecfd68bb328acc6f95ef3","status":0,"value":null}
